<?xml version="1.0" encoding="UTF-8"?>
<!-- Generated by org.testng.reporters.JUnitXMLReporter -->
<testsuite hostname="DESKTOP-C0U71JO" ignored="1" name="TestNG Groups Concept" tests="1" failures="1" timestamp="03 Nov 2020 03:25:40 GMT" time="0.046" errors="0">
  <testcase name="dataProviderExample" time="0.0" classname="testNG.concepts.TestNGDataDrivenConcepts">
    <failure type="org.testng.TestNGException" message="
Data Provider public java.lang.Object[][] testNG.concepts.TestNGDataDrivenConcepts.getData() returned a null value">
      <![CDATA[org.testng.TestNGException: 
Data Provider public java.lang.Object[][] testNG.concepts.TestNGDataDrivenConcepts.getData() returned a null value
... Removed 22 stack frames]]>
    </failure>
  </testcase> <!-- dataProviderExample -->
  <testcase name="parametersExample" time="0.0" classname="testNG.concepts.TestNGDataDrivenConcepts">
    <ignored/>
  </testcase> <!-- parametersExample -->
</testsuite> <!-- TestNG Groups Concept -->
